<?xml version="1.0" encoding="UTF-8"?>
<!-- Generated by org.testng.reporters.JUnitReportReporter -->
<testsuite hostname="ShashankPC" failures="0" tests="1" name="org.example.Trajector_Medical_Full_View" time="10.016" errors="0" timestamp="2024-07-08T23:02:00 IST" skipped="0">
  <testcase classname="org.example.Trajector_Medical_Full_View" name="test1" time="10.016"/>
</testsuite> <!-- org.example.Trajector_Medical_Full_View -->
