<?xml version="1.0" encoding="UTF-8"?>
<!-- Generated by org.testng.reporters.JUnitReportReporter -->
<testsuite hostname="ShashankPC" failures="0" tests="1" name="org.example.Trajector_Medical_Mob_View" time="12.113" errors="0" timestamp="2024-07-10T00:32:58 IST" skipped="0">
  <testcase classname="org.example.Trajector_Medical_Mob_View" name="test1" time="12.113"/>
</testsuite> <!-- org.example.Trajector_Medical_Mob_View -->
