<?xml version="1.0" encoding="UTF-8"?>
<!-- Generated by org.testng.reporters.JUnitReportReporter -->
<testsuite hostname="ShashankPC" failures="0" tests="2" name="org.example.Trajector_Medical_Mob_View" time="19.634" errors="0" timestamp="2024-07-10T09:19:59 IST" skipped="0">
  <testcase classname="org.example.Trajector_Medical_Mob_View" name="test1" time="9.020"/>
  <testcase classname="org.example.Trajector_Medical_Mob_View" name="test1" time="10.614"/>
</testsuite> <!-- org.example.Trajector_Medical_Mob_View -->
