<?xml version="1.0" encoding="UTF-8"?>
<!-- Generated by org.testng.reporters.JUnitReportReporter -->
<testsuite hostname="ShashankPC" failures="0" tests="2" name="org.example.Trajector_Medical_Full_View" time="21.394" errors="0" timestamp="2024-07-10T09:19:59 IST" skipped="0">
  <testcase classname="org.example.Trajector_Medical_Full_View" name="test1" time="9.529"/>
  <testcase classname="org.example.Trajector_Medical_Full_View" name="test1" time="11.865"/>
</testsuite> <!-- org.example.Trajector_Medical_Full_View -->
